<?xml version="1.0" encoding="UTF-8"?>
<robot generator="Robot 4.1.3 (Python 3.10.2 on win32)" generated="20220225 01:16:23.941" rpa="false" schemaversion="2">
<suite id="s1" name="Trabalhe Conosco" source="C:\RobotFramework\Specs\trabalhe_conosco.robot">
<kw name="Open Browser" library="SeleniumLibrary" type="SETUP">
<arg>about:blank</arg>
<arg>chrome</arg>
<doc>Opens a new browser instance to the optional ``url``.</doc>
<msg timestamp="20220225 01:16:24.572" level="INFO">Opening browser 'chrome' to base url 'about:blank'.</msg>
<status status="PASS" starttime="20220225 01:16:24.572" endtime="20220225 01:16:35.495"/>
</kw>
<test id="s1-t1" name="Test">
<kw name="Go To" library="SeleniumLibrary">
<arg>${url}</arg>
<doc>Navigates the current browser window to the provided ``url``.</doc>
<msg timestamp="20220225 01:16:35.497" level="INFO">Opening url 'https://www.primecontrol.com.br/trabalhe-conosco/'</msg>
<status status="PASS" starttime="20220225 01:16:35.496" endtime="20220225 01:16:46.313"/>
</kw>
<kw name="Click Element" library="SeleniumLibrary">
<arg>${trabalheConosco.btnAccept}</arg>
<doc>Click the element identified by ``locator``.</doc>
<msg timestamp="20220225 01:16:46.316" level="FAIL">Resolving variable '${trabalheConosco.btnAccept}' failed: Variable '${trabalheConosco}' not found.</msg>
<status status="FAIL" starttime="20220225 01:16:46.313" endtime="20220225 01:16:46.316"/>
</kw>
<kw name="Click Element" library="SeleniumLibrary">
<arg>${trabalheConosco.btnCadastrarCurriculo}</arg>
<doc>Click the element identified by ``locator``.</doc>
<status status="NOT RUN" starttime="20220225 01:16:46.317" endtime="20220225 01:16:46.317"/>
</kw>
<kw name="Switch Window" library="SeleniumLibrary">
<arg>New</arg>
<doc>Switches to browser window matching ``locator``.</doc>
<status status="NOT RUN" starttime="20220225 01:16:46.318" endtime="20220225 01:16:46.318"/>
</kw>
<kw name="Input Text" library="SeleniumLibrary">
<arg>${trabalheConosco.nome}</arg>
<arg>${preencheCampos.nome}</arg>
<doc>Types the given ``text`` into the text field identified by ``locator``.</doc>
<status status="NOT RUN" starttime="20220225 01:16:46.318" endtime="20220225 01:16:46.318"/>
</kw>
<kw name="Input Text" library="SeleniumLibrary">
<arg>${trabalheConosco.cargo}</arg>
<arg>${preencheCampos.cargo}</arg>
<doc>Types the given ``text`` into the text field identified by ``locator``.</doc>
<status status="NOT RUN" starttime="20220225 01:16:46.318" endtime="20220225 01:16:46.318"/>
</kw>
<kw name="Input Text" library="SeleniumLibrary">
<arg>${trabalheConosco.salario}</arg>
<arg>${preencheCampos.salario}</arg>
<doc>Types the given ``text`` into the text field identified by ``locator``.</doc>
<status status="NOT RUN" starttime="20220225 01:16:46.319" endtime="20220225 01:16:46.319"/>
</kw>
<kw name="Input Text" library="SeleniumLibrary">
<arg>${trabalheConosco.email}</arg>
<arg>${preencheCampos.email}</arg>
<doc>Types the given ``text`` into the text field identified by ``locator``.</doc>
<status status="NOT RUN" starttime="20220225 01:16:46.320" endtime="20220225 01:16:46.320"/>
</kw>
<kw name="Input Text" library="SeleniumLibrary">
<arg>${trabalheConosco.telefone}</arg>
<arg>${preencheCampos.telefone}</arg>
<doc>Types the given ``text`` into the text field identified by ``locator``.</doc>
<status status="NOT RUN" starttime="20220225 01:16:46.320" endtime="20220225 01:16:46.320"/>
</kw>
<kw name="Select From List By Value" library="SeleniumLibrary">
<arg>${trabalhe.Conosco.cmbPais}</arg>
<arg>${preencheCampos.cmbPais}</arg>
<doc>Selects options from selection list ``locator`` by ``values``.</doc>
<status status="NOT RUN" starttime="20220225 01:16:46.320" endtime="20220225 01:16:46.320"/>
</kw>
<kw name="Input Text" library="SeleniumLibrary">
<arg>${trabalheConosco.estado}</arg>
<arg>${preencheCampos.estado}</arg>
<doc>Types the given ``text`` into the text field identified by ``locator``.</doc>
<status status="NOT RUN" starttime="20220225 01:16:46.321" endtime="20220225 01:16:46.321"/>
</kw>
<kw name="Input Text" library="SeleniumLibrary">
<arg>${trabalheConosco.cidade}</arg>
<arg>${preencheCampos.cidade}</arg>
<doc>Types the given ``text`` into the text field identified by ``locator``.</doc>
<status status="NOT RUN" starttime="20220225 01:16:46.322" endtime="20220225 01:16:46.322"/>
</kw>
<kw name="Input Text" library="SeleniumLibrary">
<arg>${trabalheConosco.bairro}</arg>
<arg>${preencheCampos.bairro}</arg>
<doc>Types the given ``text`` into the text field identified by ``locator``.</doc>
<status status="NOT RUN" starttime="20220225 01:16:46.322" endtime="20220225 01:16:46.323"/>
</kw>
<kw name="Input Text" library="SeleniumLibrary">
<arg>${trabalheConosco.endereço}</arg>
<arg>${preencheCampos.endereço}</arg>
<doc>Types the given ``text`` into the text field identified by ``locator``.</doc>
<status status="NOT RUN" starttime="20220225 01:16:46.323" endtime="20220225 01:16:46.323"/>
</kw>
<kw name="Input Text" library="SeleniumLibrary">
<arg>${trabalheConosco.cep}</arg>
<arg>${preencheCampos.cep}</arg>
<doc>Types the given ``text`` into the text field identified by ``locator``.</doc>
<status status="NOT RUN" starttime="20220225 01:16:46.324" endtime="20220225 01:16:46.324"/>
</kw>
<kw name="Input Text" library="SeleniumLibrary">
<arg>${trabalheConosco.resumo}</arg>
<arg>${preencheCampos.resumo}</arg>
<doc>Types the given ``text`` into the text field identified by ``locator``.</doc>
<status status="NOT RUN" starttime="20220225 01:16:46.324" endtime="20220225 01:16:46.324"/>
</kw>
<kw name="Choose File" library="SeleniumLibrary">
<arg>${trabalheConosco.curriculo}</arg>
<arg>${EXECDIR}/Curriculo.pdf</arg>
<doc>Inputs the ``file_path`` into the file input field ``locator``.</doc>
<status status="NOT RUN" starttime="20220225 01:16:46.325" endtime="20220225 01:16:46.325"/>
</kw>
<kw name="Wait Until Page Contains" library="SeleniumLibrary">
<arg>Curriculo.pdf</arg>
<arg>30</arg>
<doc>Waits until ``text`` appears on the current page.</doc>
<status status="NOT RUN" starttime="20220225 01:16:46.325" endtime="20220225 01:16:46.325"/>
</kw>
<kw name="Scroll Element Into View" library="SeleniumLibrary">
<arg>${trabalheConosco.btnFinalizar}</arg>
<doc>Scrolls the element identified by ``locator`` into view.</doc>
<status status="NOT RUN" starttime="20220225 01:16:46.325" endtime="20220225 01:16:46.325"/>
</kw>
<kw name="Click Element" library="SeleniumLibrary">
<arg>${trabalheConosco.btnFinalizar}</arg>
<doc>Click the element identified by ``locator``.</doc>
<status status="NOT RUN" starttime="20220225 01:16:46.326" endtime="20220225 01:16:46.326"/>
</kw>
<kw name="Wait Until Element Contains" library="SeleniumLibrary">
<arg>${trabalheConosco.sucesso}</arg>
<arg>${preenchaCampos.sucesso}</arg>
<arg>30</arg>
<doc>Waits until the element ``locator`` contains ``text``.</doc>
<status status="NOT RUN" starttime="20220225 01:16:46.326" endtime="20220225 01:16:46.326"/>
</kw>
<status status="FAIL" starttime="20220225 01:16:35.496" endtime="20220225 01:16:46.327">Resolving variable '${trabalheConosco.btnAccept}' failed: Variable '${trabalheConosco}' not found.</status>
</test>
<kw name="Close Browser" library="SeleniumLibrary" type="TEARDOWN">
<doc>Closes the current browser.</doc>
<status status="PASS" starttime="20220225 01:16:46.328" endtime="20220225 01:16:50.379"/>
</kw>
<status status="FAIL" starttime="20220225 01:16:23.944" endtime="20220225 01:16:50.379"/>
</suite>
<statistics>
<total>
<stat pass="0" fail="1" skip="0">All Tests</stat>
</total>
<tag>
</tag>
<suite>
<stat pass="0" fail="1" skip="0" id="s1" name="Trabalhe Conosco">Trabalhe Conosco</stat>
</suite>
</statistics>
<errors>
<msg timestamp="20220225 01:16:24.569" level="ERROR">Error in file 'C:\RobotFramework\Pages\trabalhe_conosco.robot' on line 3: Setting variable '&amp;{trabalheConosco}' failed: Invalid dictionary variable item ''. Items must use 'name=value' syntax or be dictionary variables themselves.</msg>
</errors>
</robot>
